<?xml version="1.0" encoding="UTF-8"?>
<testng-results ignored="0" total="9" passed="9" failed="0" skipped="0">
  <reporter-output>
  </reporter-output>
  <suite started-at="2026-06-29T22:52:33 IST" name="SimpleBooksSuite" finished-at="2026-06-29T22:52:42 IST" duration-ms="9224">
    <groups>
    </groups>
    <test started-at="2026-06-29T22:52:33 IST" name="API Tests" finished-at="2026-06-29T22:52:42 IST" duration-ms="9224">
      <class name="tests.OrderTest">
        <test-method signature="createOrder()[pri:0, instance:tests.OrderTest@18078bef]" started-at="2026-06-29T22:52:37 IST" name="createOrder" finished-at="2026-06-29T22:52:39 IST" duration-ms="1870" status="PASS">
          <reporter-output>
          </reporter-output>
        </test-method> <!-- createOrder -->
        <test-method signature="getOrder()[pri:0, instance:tests.OrderTest@18078bef]" started-at="2026-06-29T22:52:39 IST" name="getOrder" finished-at="2026-06-29T22:52:40 IST" depends-on-methods="tests.OrderTest.createOrder" duration-ms="876" status="PASS">
          <reporter-output>
          </reporter-output>
        </test-method> <!-- getOrder -->
        <test-method signature="updateOrder()[pri:0, instance:tests.OrderTest@18078bef]" started-at="2026-06-29T22:52:40 IST" name="updateOrder" finished-at="2026-06-29T22:52:40 IST" depends-on-methods="tests.OrderTest.getOrder" duration-ms="456" status="PASS">
          <reporter-output>
          </reporter-output>
        </test-method> <!-- updateOrder -->
        <test-method signature="verifyUpdatedOrder()[pri:0, instance:tests.OrderTest@18078bef]" started-at="2026-06-29T22:52:40 IST" name="verifyUpdatedOrder" finished-at="2026-06-29T22:52:41 IST" depends-on-methods="tests.OrderTest.updateOrder" duration-ms="589" status="PASS">
          <reporter-output>
          </reporter-output>
        </test-method> <!-- verifyUpdatedOrder -->
        <test-method signature="deleteOrder()[pri:0, instance:tests.OrderTest@18078bef]" started-at="2026-06-29T22:52:41 IST" name="deleteOrder" finished-at="2026-06-29T22:52:41 IST" depends-on-methods="tests.OrderTest.verifyUpdatedOrder" duration-ms="512" status="PASS">
          <reporter-output>
          </reporter-output>
        </test-method> <!-- deleteOrder -->
      </class> <!-- tests.OrderTest -->
      <class name="tests.StatusTest">
        <test-method is-config="true" signature="setup()[pri:0, instance:tests.StatusTest@6aeb35e6]" started-at="2026-06-29T22:52:32 IST" name="setup" finished-at="2026-06-29T22:52:33 IST" duration-ms="443" status="PASS">
          <reporter-output>
          </reporter-output>
        </test-method> <!-- setup -->
        <test-method signature="verifyStatus()[pri:0, instance:tests.StatusTest@6aeb35e6]" started-at="2026-06-29T22:52:33 IST" name="verifyStatus" finished-at="2026-06-29T22:52:35 IST" duration-ms="2950" status="PASS">
          <reporter-output>
          </reporter-output>
        </test-method> <!-- verifyStatus -->
      </class> <!-- tests.StatusTest -->
      <class name="tests.NegativeTest">
        <test-method signature="invalidTokenTest()[pri:0, instance:tests.NegativeTest@799f10e1]" started-at="2026-06-29T22:52:41 IST" name="invalidTokenTest" finished-at="2026-06-29T22:52:42 IST" duration-ms="456" status="PASS">
          <reporter-output>
          </reporter-output>
        </test-method> <!-- invalidTokenTest -->
      </class> <!-- tests.NegativeTest -->
      <class name="tests.BooksTest">
        <test-method signature="getAllBooks()[pri:0, instance:tests.BooksTest@2a3b5b47]" started-at="2026-06-29T22:52:35 IST" name="getAllBooks" finished-at="2026-06-29T22:52:36 IST" duration-ms="885" status="PASS">
          <reporter-output>
          </reporter-output>
        </test-method> <!-- getAllBooks -->
        <test-method signature="getFictionBooks()[pri:0, instance:tests.BooksTest@2a3b5b47]" started-at="2026-06-29T22:52:36 IST" name="getFictionBooks" finished-at="2026-06-29T22:52:37 IST" duration-ms="524" status="PASS">
          <reporter-output>
          </reporter-output>
        </test-method> <!-- getFictionBooks -->
      </class> <!-- tests.BooksTest -->
    </test> <!-- API Tests -->
  </suite> <!-- SimpleBooksSuite -->
</testng-results>
