<?xml version="1.0" encoding="UTF-8"?>
<!-- Generated by org.testng.reporters.JUnitReportReporter -->
<testsuite hostname="LAPTOP-I3O2VBEQ" failures="0" tests="5" name="tests.OrderTest" time="4.303" errors="0" timestamp="2026-06-29T22:52:42 IST" skipped="0">
  <testcase classname="tests.OrderTest" name="verifyUpdatedOrder" time="0.589"/>
  <testcase classname="tests.OrderTest" name="updateOrder" time="0.456"/>
  <testcase classname="tests.OrderTest" name="createOrder" time="1.870"/>
  <testcase classname="tests.OrderTest" name="deleteOrder" time="0.512"/>
  <testcase classname="tests.OrderTest" name="getOrder" time="0.876"/>
</testsuite> <!-- tests.OrderTest -->
