<?xml version="1.0" encoding="UTF-8"?>
<!-- Generated by org.testng.reporters.JUnitReportReporter -->
<testsuite hostname="LAPTOP-I3O2VBEQ" failures="0" tests="6" name="runners.TestRunner" time="238.669" errors="0" timestamp="2026-06-29T20:47:54 IST" skipped="0">
  <testcase classname="runners.TestRunner" name="runScenario" time="41.169"/>
  <testcase classname="runners.TestRunner" name="runScenario" time="36.624"/>
  <testcase classname="runners.TestRunner" name="runScenario" time="36.955"/>
  <testcase classname="runners.TestRunner" name="runScenario" time="41.350"/>
  <testcase classname="runners.TestRunner" name="runScenario" time="41.914"/>
  <testcase classname="runners.TestRunner" name="runScenario" time="40.657"/>
</testsuite> <!-- runners.TestRunner -->
