<?xml version="1.0" encoding="UTF-8"?>
<!-- Generated by org.testng.reporters.JUnitXMLReporter -->
<testsuite ignored="3" hostname="LAPTOP-I3O2VBEQ" failures="0" tests="9" name="API Tests" time="9.224" errors="0" timestamp="2026-06-29T22:52:42 IST">
  <testcase classname="tests.StatusTest" name="verifyStatus" time="2.95"/>
  <testcase classname="tests.BooksTest" name="getAllBooks" time="0.885"/>
  <testcase classname="tests.BooksTest" name="getFictionBooks" time="0.524"/>
  <testcase classname="tests.OrderTest" name="createOrder" time="1.87"/>
  <testcase classname="tests.OrderTest" name="getOrder" time="0.876"/>
  <testcase classname="tests.OrderTest" name="updateOrder" time="0.456"/>
  <testcase classname="tests.OrderTest" name="verifyUpdatedOrder" time="0.589"/>
  <testcase classname="tests.OrderTest" name="deleteOrder" time="0.512"/>
  <testcase classname="tests.NegativeTest" name="invalidTokenTest" time="0.456"/>
  <testcase classname="base.BaseTest" name="@BeforeSuite setup" time="0.0">
    <ignored/>
  </testcase> <!-- @BeforeSuite setup -->
  <testcase classname="base.BaseTest" name="@BeforeSuite setup" time="0.0">
    <ignored/>
  </testcase> <!-- @BeforeSuite setup -->
  <testcase classname="base.BaseTest" name="@BeforeSuite setup" time="0.0">
    <ignored/>
  </testcase> <!-- @BeforeSuite setup -->
</testsuite> <!-- API Tests -->
